<?xml version="1.0" encoding="UTF-8"?>
<!-- Generated by org.testng.reporters.JUnitReportReporter -->
<testsuite skipped="0" hostname="LP-PC0M6HD6" name="jpetStoreckg.cartPage" tests="1" failures="0" timestamp="03 Oct 2018 11:17:23 GMT" time="5.138" errors="0">
  <testcase name="Tc2" time="5.138" classname="jpetStoreckg.cartPage"/>
</testsuite> <!-- jpetStoreckg.cartPage -->
