<?xml version="1.0" encoding="UTF-8"?>
<!-- Generated by org.testng.reporters.JUnitReportReporter -->
<testsuite skipped="0" hostname="LP-PC0M6HD6" name="jpetStoreckg.catalogueDetailPage3" tests="1" failures="0" timestamp="03 Oct 2018 11:17:23 GMT" time="3.416" errors="0">
  <testcase name="Tc5" time="3.416" classname="jpetStoreckg.catalogueDetailPage3"/>
</testsuite> <!-- jpetStoreckg.catalogueDetailPage3 -->
