<?xml version="1.0" encoding="UTF-8"?>
<!-- Generated by org.testng.reporters.JUnitReportReporter -->
<testsuite skipped="0" hostname="LP-PC0M6HD6" name="jpetStoreckg.catalogueDetailPage4" tests="1" failures="0" timestamp="03 Oct 2018 11:17:23 GMT" time="5.029" errors="0">
  <testcase name="Tc6" time="5.029" classname="jpetStoreckg.catalogueDetailPage4"/>
</testsuite> <!-- jpetStoreckg.catalogueDetailPage4 -->
